[ 2012-11-15T10:40:08+08:00 ] 127.0.0.1 /mythinkphp/
INFO: [ app_begin ] --START--
INFO: Run ReadHtmlCache Behavior [ RunTime:0.000657s ]
INFO: [ app_begin ] --END-- [ RunTime:0.000770s ]
SQL: SHOW COLUMNS FROM `think_data` [ RunTime:0.002908s ]
SQL: SELECT * FROM `think_data`  [ RunTime:0.000210s ]
INFO: [ view_template ] --START--
INFO: Run LocationTemplate Behavior [ RunTime:-0.021345s ]
INFO: [ view_template ] --END-- [ RunTime:0.000837s ]
INFO: [ view_parse ] --START--
INFO: Run ParseTemplate Behavior [ RunTime:-0.022259s ]
INFO: [ view_parse ] --END-- [ RunTime:0.052108s ]
INFO: [ view_filter ] --START--
INFO: Run ContentReplace Behavior [ RunTime:-0.074515s ]
INFO: Run TokenBuild Behavior [ RunTime:-0.075345s ]
INFO: Run WriteHtmlCache Behavior [ RunTime:-0.076192s ]
INFO: Run ShowRuntime Behavior [ RunTime:-0.076833s ]
INFO: [ view_filter ] --END-- [ RunTime:0.003362s ]
INFO: [ view_end ] --START--
INFO: Run ShowPageTrace Behavior [ RunTime:-0.078062s ]
INFO: [ view_end ] --END-- [ RunTime:0.001168s ]

